<?xml version="1.0" encoding="UTF-8"?>
<!-- Generated by org.testng.reporters.JUnitReportReporter -->
<testsuite skipped="0" hostname="LAPTOP-TB073Q1O" name="com.Cucumber.RunCucumberTest" tests="3" failures="0" timestamp="2021-02-07T13:43:26 IST" time="0.370" errors="0">
  <testcase name="runScenario" time="0.352" classname="com.Cucumber.RunCucumberTest"/>
  <system-out/>
  <testcase name="runScenario" time="0.014" classname="com.Cucumber.RunCucumberTest"/>
  <system-out/>
  <testcase name="runScenario" time="0.004" classname="com.Cucumber.RunCucumberTest"/>
  <system-out/>
</testsuite> <!-- com.Cucumber.RunCucumberTest -->
