<?xml version="1.0" encoding="UTF-8"?>
<!-- Generated by org.testng.reporters.JUnitReportReporter -->
<testsuite skipped="0" hostname="LAPTOP-TB073Q1O" name="com.Cucumber.RunCucumberTest" tests="1" failures="0" timestamp="2021-02-07T14:37:40 IST" time="13.970" errors="0">
  <testcase name="runScenario" time="13.970" classname="com.Cucumber.RunCucumberTest"/>
  <system-out/>
</testsuite> <!-- com.Cucumber.RunCucumberTest -->
